<html>
<body>
<pre>
<h1>µVision Build Log</h1>
<h2>Tool Versions:</h2>
IDE-Version: µVision V5.30.0.0
Copyright (C) 2020 ARM Ltd and ARM Germany GmbH. All rights reserved.
License Information: sidi 33766721171, Itekube, LIC=----
 
Tool Versions:
Toolchain:       MDK-Lite  Version: 5.30.0.0
Toolchain Path:  C:\Keil_v5\ARM\ARMCLANG\Bin
C Compiler:      ArmClang.exe V6.14
Assembler:       Armasm.exe V6.14
Linker/Locator:  ArmLink.exe V6.14
Library Manager: ArmAr.exe V6.14
Hex Converter:   FromElf.exe V6.14
CPU DLL:         SARMCM3.DLL V5.30.0.0
Dialog DLL:      DCM.DLL V1.17.3.0
Target DLL:      STLink\ST-LINKIII-KEIL_SWO.dll V3.0.7.0
Dialog DLL:      TCM.DLL V1.42.0.0
 
<h2>Project:</h2>
C:\Users\33766\Desktop\Itekube_Projects\osKernel\osKernel.uvprojx
Project File Date:  09/16/2020

<h2>Output:</h2>
*** Using Compiler 'V6.14', folder: 'C:\Keil_v5\ARM\ARMCLANG\Bin'
Build target 'STM32L152RE'
Note: source file '.\osKernel.c' - object file renamed from '.\Objects\osKernel.o' to '.\Objects\oskernel_1.o'.
assembling osKernel.s...
osKernel.c(131): warning: no newline at end of file [-Wnewline-eof]
}
 ^
osKernel.c(23): warning: no previous extern declaration for non-static variable 'MILLIS_PRESCALER' [-Wmissing-variable-declarations]
uint32_t MILLIS_PRESCALER;
         ^
osKernel.c(23): note: declare 'static' if the variable is not intended to be used outside of this translation unit
uint32_t MILLIS_PRESCALER;
^
osKernel.c(33): warning: no previous extern declaration for non-static variable 'tcbs' [-Wmissing-variable-declarations]
tcbType tcbs[NUM_OF_THREADS];
        ^
osKernel.c(33): note: declare 'static' if the variable is not intended to be used outside of this translation unit
tcbType tcbs[NUM_OF_THREADS];
^
osKernel.c(34): warning: no previous extern declaration for non-static variable 'currentPt' [-Wmissing-variable-declarations]
tcbType *currentPt;
         ^
osKernel.c(34): note: declare 'static' if the variable is not intended to be used outside of this translation unit
tcbType *currentPt;
^
osKernel.c(37): warning: no previous extern declaration for non-static variable 'TCB_STACK' [-Wmissing-variable-declarations]
int32_t TCB_STACK[NUM_OF_THREADS][STACK_SIZE];
        ^
osKernel.c(37): note: declare 'static' if the variable is not intended to be used outside of this translation unit
int32_t TCB_STACK[NUM_OF_THREADS][STACK_SIZE];
^
5 warnings generated.
compiling osKernel.c...
main.c(31): warning: this function declaration is not a prototype [-Wstrict-prototypes]
void GPIO_Init();
              ^
               void
main.c(51): warning: no previous prototype for function 'Task0' [-Wmissing-prototypes]
void Task0(void){
     ^
main.c(51): note: declare 'static' if the function is not intended to be used outside of this translation unit
void Task0(void){
^
static 
main.c(51): warning: function 'Task0' could be declared with attribute 'noreturn' [-Wmissing-noreturn]
void Task0(void){
                ^
main.c(62): warning: no previous prototype for function 'Task1' [-Wmissing-prototypes]
void Task1(void){
     ^
main.c(62): note: declare 'static' if the function is not intended to be used outside of this translation unit
void Task1(void){
^
static 
main.c(62): warning: function 'Task1' could be declared with attribute 'noreturn' [-Wmissing-noreturn]
void Task1(void){
                ^
main.c(75): warning: no previous prototype for function 'Task2' [-Wmissing-prototypes]
void Task2(void){
     ^
main.c(75): note: declare 'static' if the function is not intended to be used outside of this translation unit
void Task2(void){
^
static 
main.c(75): warning: function 'Task2' could be declared with attribute 'noreturn' [-Wmissing-noreturn]
void Task2(void){
                ^
main.c(110): warning: implicit conversion changes signedness: 'int' to 'unsigned int' [-Wsign-conversion]
                RCC->CR &= ~(0x00000100);
                        ~~ ^~~~~~~~~~~~~
main.c(106): warning: while loop has empty body [-Wempty-body]
                while((RCC->CR & 0x02) == 0x02);
                                               ^
main.c(106): note: put the semicolon on a separate line to silence this warning
main.c(101): warning: no previous prototype for function 'GPIO_Init' [-Wmissing-prototypes]
void GPIO_Init(){
     ^
main.c(31): note: this declaration is not a prototype; add 'void' to make it a prototype for a zero-parameter function
void GPIO_Init();
     ^
               void
main.c(133): warning: no newline at end of file [-Wnewline-eof]
}
 ^
main.c(4): warning: no previous extern declaration for non-static variable 'count0' [-Wmissing-variable-declarations]
uint32_t count0,count1,count2;
         ^
main.c(4): note: declare 'static' if the variable is not intended to be used outside of this translation unit
uint32_t count0,count1,count2;
^
main.c(4): warning: no previous extern declaration for non-static variable 'count1' [-Wmissing-variable-declarations]
uint32_t count0,count1,count2;
                ^
main.c(4): note: declare 'static' if the variable is not intended to be used outside of this translation unit
uint32_t count0,count1,count2;
^
main.c(4): warning: no previous extern declaration for non-static variable 'count2' [-Wmissing-variable-declarations]
uint32_t count0,count1,count2;
                       ^
main.c(4): note: declare 'static' if the variable is not intended to be used outside of this translation unit
uint32_t count0,count1,count2;
^
main.c(22): warning: no previous extern declaration for non-static variable 'sem12' [-Wmissing-variable-declarations]
Semaphore_t sem12;      // semaphore between task1 and task2
            ^
main.c(22): note: declare 'static' if the variable is not intended to be used outside of this translation unit
Semaphore_t sem12;      // semaphore between task1 and task2
^
main.c(23): warning: no previous extern declaration for non-static variable 'sem21' [-Wmissing-variable-declarations]
Semaphore_t     sem21;
                ^
main.c(23): note: declare 'static' if the variable is not intended to be used outside of this translation unit
Semaphore_t     sem21;
^
16 warnings generated.
compiling main.c...
RTE/Device/STM32L152RE/system_stm32l1xx.c(173): error: redefinition of 'PLLMulTable' with a different type: 'const volatile uint8_t [9]' vs 'const uint8_t [9]'
__IO const uint8_t PLLMulTable[9] = {3, 4, 6, 8, 12, 16, 24, 32, 48};
                   ^
C:/Users/33766/AppData/Local/Arm/Packs/Keil/STM32L1xx_DFP/1.3.0/Drivers/CMSIS/Device/ST/STM32L1xx/Include/system_stm32l1xx.h(63): note: previous declaration is here
extern const uint8_t PLLMulTable[9];      /*!< PLL multipiers table values */
                     ^
RTE/Device/STM32L152RE/system_stm32l1xx.c(174): error: redefinition of 'AHBPrescTable' with a different type: 'const volatile uint8_t [16]' vs 'const uint8_t [16]'
__IO const uint8_t AHBPrescTable[16] = {0, 0, 0, 0, 0, 0, 0, 0, 1, 2, 3, 4, 6, 7, 8, 9};
                   ^
C:/Users/33766/AppData/Local/Arm/Packs/Keil/STM32L1xx_DFP/1.3.0/Drivers/CMSIS/Device/ST/STM32L1xx/Include/system_stm32l1xx.h(61): note: previous declaration is here
extern const uint8_t AHBPrescTable[16];   /*!< AHB prescalers table values */
                     ^
2 errors generated.
compiling system_stm32l1xx.c...
".\Objects\osKernel.axf" - 2 Error(s), 21 Warning(s).

<h2>Software Packages used:</h2>

Package Vendor: ARM
                http://www.keil.com/pack/ARM.CMSIS.5.7.0.pack
                ARM.CMSIS.5.7.0
                CMSIS (Cortex Microcontroller Software Interface Standard)
   * Component: CORE Version: 5.4.0

Package Vendor: Keil
                http://www.keil.com/pack/Keil.STM32L1xx_DFP.1.3.0.pack
                Keil.STM32L1xx_DFP.1.3.0
                STMicroelectronics STM32L1 Series Device Support and Examples
   * Component: Startup Version: 1.0.0

<h2>Collection of Component include folders:</h2>
  .\RTE\_STM32L152RE
  C:\Users\33766\AppData\Local\Arm\Packs\ARM\CMSIS\5.7.0\CMSIS\Core\Include
  C:\Users\33766\AppData\Local\Arm\Packs\Keil\STM32L1xx_DFP\1.3.0\Drivers\CMSIS\Device\ST\STM32L1xx\Include

<h2>Collection of Component Files used:</h2>

   * Component: ARM::CMSIS:CORE:5.4.0

   * Component: Keil.Standalone::Device:Startup:1.0.0
      Source file:   MDK\Device\Source\ARM\STM32L1xx_MD_OPT.s
      Source file:   MDK\Device\Source\ARM\STM32L1xx_HD_OPT.s
      Include file:  Drivers\CMSIS\Device\ST\STM32L1xx\Include\stm32l1xx.h
      Source file:   MDK\Device\Source\ARM\STM32L1xx_MD+_OPT.s
      Source file:   MDK\Device\Source\ARM\STM32L1xx_XL_OPT.s
      Source file:   Drivers\CMSIS\Device\ST\STM32L1xx\Source\Templates\system_stm32l1xx.c
Target not created.
Build Time Elapsed:  00:00:01
</pre>
</body>
</html>
